<testsuites>
    <testsuite name="Delete-Organization;As-a-PO-Curator,-I-can-Delete-an-Organization-with-no-Trial-Records" tests="11" failures="0" errors="0" skipped="5" timestamp="Thu, 15 Oct 2015 21:06:46 GMT" time="15.984156237">
        <testcase name="Given I know which organization I want to delete" classname="Delete-Organization;As-a-PO-Curator,-I-can-Delete-an-Organization-with-no-Trial-Records" time="0.308235471">
        </testcase>
        <testcase name="And I am logged in to CTRP PO application" classname="Delete-Organization;As-a-PO-Curator,-I-can-Delete-an-Organization-with-no-Trial-Records" time="4.071722678">
        </testcase>
        <testcase name="And I have searched for an organization and found the one I wish to delete" classname="Delete-Organization;As-a-PO-Curator,-I-can-Delete-an-Organization-with-no-Trial-Records" time="4.336957718">
        </testcase>
        <testcase name="When I have selected the function Delete Organization" classname="Delete-Organization;As-a-PO-Curator,-I-can-Delete-an-Organization-with-no-Trial-Records" time="0.486533971">
        </testcase>
        <testcase name="And I submit my delete request" classname="Delete-Organization;As-a-PO-Curator,-I-can-Delete-an-Organization-with-no-Trial-Records" time="6.780706399">
        </testcase>
        <testcase name="And the organization is not referenced as a lead organization on a trial" classname="Delete-Organization;As-a-PO-Curator,-I-can-Delete-an-Organization-with-no-Trial-Records" time="0">
        </testcase>
        <testcase name="And the organization is not referenced as a participating site on a trial" classname="Delete-Organization;As-a-PO-Curator,-I-can-Delete-an-Organization-with-no-Trial-Records" time="0">
            <skipped message="">
            </skipped>
        </testcase>
        <testcase name="And the organization is not referenced as a Person record Affiliated Organization" classname="Delete-Organization;As-a-PO-Curator,-I-can-Delete-an-Organization-with-no-Trial-Records" time="0">
            <skipped message="">
            </skipped>
        </testcase>
        <testcase name="And the organization is not referenced as a CTRP User Affiliated Organization" classname="Delete-Organization;As-a-PO-Curator,-I-can-Delete-an-Organization-with-no-Trial-Records" time="0">
            <skipped message="">
            </skipped>
        </testcase>
        <testcase name="And the organization is not part of a Family Organization" classname="Delete-Organization;As-a-PO-Curator,-I-can-Delete-an-Organization-with-no-Trial-Records" time="0">
            <skipped message="">
            </skipped>
        </testcase>
        <testcase name="Then the system will delete the organization record" classname="Delete-Organization;As-a-PO-Curator,-I-can-Delete-an-Organization-with-no-Trial-Records" time="0">
            <skipped message="">
            </skipped>
        </testcase>
    </testsuite>
</testsuites>